[Info] /Users/tazhnaebrooks/.ssh/config: ENOENT: no such file or directory, open '/Users/tazhnaebrooks/.ssh/config'
[Info] Looking for git repository
[Info] Git repository found, initializing review manager and pr tree view.
[Info] Review> Validate state in progress
[Info] Review> Validating state...
[Info] No remote with name 'origin' found. Please update your 'githubPullRequests.remotes' setting.
[Info] No remote with name 'upstream' found. Please update your 'githubPullRequests.remotes' setting.
[Info] No remote with name 'master' found. Please update your 'githubPullRequests.remotes' setting.
[Info] Review> Queuing additional validate state
[Info] Review> Validating state...
[Info] No GitHub remotes found
[Info] Review> Queuing additional validate state
[Info] Review> Validating state...
[Info] Review> no matching pull request metadata found for current branch testing_2
[Info] Review> Queuing additional validate state
[Info] Review> Validating state...
[Info] No remote with name 'upstream' found. Please update your 'githubPullRequests.remotes' setting.
[Info] No remote with name 'master' found. Please update your 'githubPullRequests.remotes' setting.
[Info] Found GitHub remote
[Info] Unable to resolve remote: HttpError: Not Found
[Info] Review> no matching pull request metadata found for current branch testing_2
[Info] GithubRepository> Unable to fetch issues: Error: GraphQL error: Could not resolve to a Repository with the name 'tazhnaebrooks/testing_2'.
[Info] Review> Queuing additional validate state
[Info] Review> Validating state...
[Info] No remote with name 'upstream' found. Please update your 'githubPullRequests.remotes' setting.
[Info] No remote with name 'master' found. Please update your 'githubPullRequests.remotes' setting.
[Info] Found GitHub remote
[Info] Unable to resolve remote: HttpError: Not Found
[Info] Review> no matching pull request metadata found for current branch master
[Info] Review> Queuing additional validate state
[Info] Review> Validating state...
[Info] No remote with name 'upstream' found. Please update your 'githubPullRequests.remotes' setting.
[Info] No remote with name 'master' found. Please update your 'githubPullRequests.remotes' setting.
[Info] Found GitHub remote
[Info] Unable to resolve remote: HttpError: Not Found
[Info] Review> no matching pull request metadata found for current branch master
