Looking for git in: /usr/bin/git
Using git 2.21.1 (Apple Git-122.3) from /usr/bin/git
> git rev-parse --show-toplevel
> git rev-parse --git-dir
Open repository: /Users/tazhnaebrooks
> git status -z -u
> git check-ignore -v -z --stdin
> git show :Desktop/cse20/test.py
> git ls-files --stage -- /Users/tazhnaebrooks/Desktop/cse20/test.py
> git symbolic-ref --short HEAD
> git rev-parse testing_2
> git rev-parse --symbolic-full-name testing_2@{u}
fatal: no upstream configured for branch 'testing_2'
> git for-each-ref --format %(refname) %(objectname) --sort -committerdate
> git remote --verbose
> git config --local branch.testing_2.github-pr-owner-number
> git config --get commit.template
> git check-ignore -v -z --stdin
> git config --local branch.testing_2.github-pr-owner-number
> git config --local branch.testing_2.github-pr-owner-number
> git check-ignore -v -z --stdin
> git check-ignore -v -z --stdin
> git check-ignore -v -z --stdin
> git add -A -- .
> git add -A -- .
fatal: Unable to create '/Users/tazhnaebrooks/.git/index.lock': File exists.

Another git process seems to be running in this repository, e.g.
an editor opened by 'git commit'. Please make sure all processes
are terminated then try again. If it still fails, a git process
may have crashed in this repository earlier:
remove the file manually to continue.
> git add -A -- .
fatal: Unable to create '/Users/tazhnaebrooks/.git/index.lock': File exists.

Another git process seems to be running in this repository, e.g.
an editor opened by 'git commit'. Please make sure all processes
are terminated then try again. If it still fails, a git process
may have crashed in this repository earlier:
remove the file manually to continue.
> git add -A -- .
fatal: Unable to create '/Users/tazhnaebrooks/.git/index.lock': File exists.

Another git process seems to be running in this repository, e.g.
an editor opened by 'git commit'. Please make sure all processes
are terminated then try again. If it still fails, a git process
may have crashed in this repository earlier:
remove the file manually to continue.
> git add -A -- .
fatal: Unable to create '/Users/tazhnaebrooks/.git/index.lock': File exists.

Another git process seems to be running in this repository, e.g.
an editor opened by 'git commit'. Please make sure all processes
are terminated then try again. If it still fails, a git process
may have crashed in this repository earlier:
remove the file manually to continue.
> git add -A -- .
fatal: Unable to create '/Users/tazhnaebrooks/.git/index.lock': File exists.

Another git process seems to be running in this repository, e.g.
an editor opened by 'git commit'. Please make sure all processes
are terminated then try again. If it still fails, a git process
may have crashed in this repository earlier:
remove the file manually to continue.
> git add -A -- .
fatal: Unable to create '/Users/tazhnaebrooks/.git/index.lock': File exists.

Another git process seems to be running in this repository, e.g.
an editor opened by 'git commit'. Please make sure all processes
are terminated then try again. If it still fails, a git process
may have crashed in this repository earlier:
remove the file manually to continue.
> git add -A -- .
fatal: Unable to create '/Users/tazhnaebrooks/.git/index.lock': File exists.

Another git process seems to be running in this repository, e.g.
an editor opened by 'git commit'. Please make sure all processes
are terminated then try again. If it still fails, a git process
may have crashed in this repository earlier:
remove the file manually to continue.
> git add -A -- .
fatal: Unable to create '/Users/tazhnaebrooks/.git/index.lock': File exists.

Another git process seems to be running in this repository, e.g.
an editor opened by 'git commit'. Please make sure all processes
are terminated then try again. If it still fails, a git process
may have crashed in this repository earlier:
remove the file manually to continue.
> git add -A -- .
fatal: Unable to create '/Users/tazhnaebrooks/.git/index.lock': File exists.

Another git process seems to be running in this repository, e.g.
an editor opened by 'git commit'. Please make sure all processes
are terminated then try again. If it still fails, a git process
may have crashed in this repository earlier:
remove the file manually to continue.
> git add -A -- .
fatal: Unable to create '/Users/tazhnaebrooks/.git/index.lock': File exists.

Another git process seems to be running in this repository, e.g.
an editor opened by 'git commit'. Please make sure all processes
are terminated then try again. If it still fails, a git process
may have crashed in this repository earlier:
remove the file manually to continue.
> git add -A -- .
fatal: Unable to create '/Users/tazhnaebrooks/.git/index.lock': File exists.

Another git process seems to be running in this repository, e.g.
an editor opened by 'git commit'. Please make sure all processes
are terminated then try again. If it still fails, a git process
may have crashed in this repository earlier:
remove the file manually to continue.
> git add -A -- .
fatal: Unable to create '/Users/tazhnaebrooks/.git/index.lock': File exists.

Another git process seems to be running in this repository, e.g.
an editor opened by 'git commit'. Please make sure all processes
are terminated then try again. If it still fails, a git process
may have crashed in this repository earlier:
remove the file manually to continue.
> git add -A -- .
fatal: Unable to create '/Users/tazhnaebrooks/.git/index.lock': File exists.

Another git process seems to be running in this repository, e.g.
an editor opened by 'git commit'. Please make sure all processes
are terminated then try again. If it still fails, a git process
may have crashed in this repository earlier:
remove the file manually to continue.
> git add -A -- .
fatal: Unable to create '/Users/tazhnaebrooks/.git/index.lock': File exists.

Another git process seems to be running in this repository, e.g.
an editor opened by 'git commit'. Please make sure all processes
are terminated then try again. If it still fails, a git process
may have crashed in this repository earlier:
remove the file manually to continue.
> git add -A -- .
fatal: Unable to create '/Users/tazhnaebrooks/.git/index.lock': File exists.

Another git process seems to be running in this repository, e.g.
an editor opened by 'git commit'. Please make sure all processes
are terminated then try again. If it still fails, a git process
may have crashed in this repository earlier:
remove the file manually to continue.
> git add -A -- .
fatal: Unable to create '/Users/tazhnaebrooks/.git/index.lock': File exists.

Another git process seems to be running in this repository, e.g.
an editor opened by 'git commit'. Please make sure all processes
are terminated then try again. If it still fails, a git process
may have crashed in this repository earlier:
remove the file manually to continue.
> git add -A -- .
fatal: Unable to create '/Users/tazhnaebrooks/.git/index.lock': File exists.

Another git process seems to be running in this repository, e.g.
an editor opened by 'git commit'. Please make sure all processes
are terminated then try again. If it still fails, a git process
may have crashed in this repository earlier:
remove the file manually to continue.
> git add -A -- .
fatal: Unable to create '/Users/tazhnaebrooks/.git/index.lock': File exists.

Another git process seems to be running in this repository, e.g.
an editor opened by 'git commit'. Please make sure all processes
are terminated then try again. If it still fails, a git process
may have crashed in this repository earlier:
remove the file manually to continue.
> git add -A -- .
fatal: Unable to create '/Users/tazhnaebrooks/.git/index.lock': File exists.

Another git process seems to be running in this repository, e.g.
an editor opened by 'git commit'. Please make sure all processes
are terminated then try again. If it still fails, a git process
may have crashed in this repository earlier:
remove the file manually to continue.
> git add -A -- .
fatal: Unable to create '/Users/tazhnaebrooks/.git/index.lock': File exists.

Another git process seems to be running in this repository, e.g.
an editor opened by 'git commit'. Please make sure all processes
are terminated then try again. If it still fails, a git process
may have crashed in this repository earlier:
remove the file manually to continue.
> git add -A -- .
fatal: Unable to create '/Users/tazhnaebrooks/.git/index.lock': File exists.

Another git process seems to be running in this repository, e.g.
an editor opened by 'git commit'. Please make sure all processes
are terminated then try again. If it still fails, a git process
may have crashed in this repository earlier:
remove the file manually to continue.
> git add -A -- .
fatal: Unable to create '/Users/tazhnaebrooks/.git/index.lock': File exists.

Another git process seems to be running in this repository, e.g.
an editor opened by 'git commit'. Please make sure all processes
are terminated then try again. If it still fails, a git process
may have crashed in this repository earlier:
remove the file manually to continue.
> git add -A -- .
fatal: Unable to create '/Users/tazhnaebrooks/.git/index.lock': File exists.

Another git process seems to be running in this repository, e.g.
an editor opened by 'git commit'. Please make sure all processes
are terminated then try again. If it still fails, a git process
may have crashed in this repository earlier:
remove the file manually to continue.
> git add -A -- .
fatal: Unable to create '/Users/tazhnaebrooks/.git/index.lock': File exists.

Another git process seems to be running in this repository, e.g.
an editor opened by 'git commit'. Please make sure all processes
are terminated then try again. If it still fails, a git process
may have crashed in this repository earlier:
remove the file manually to continue.
> git add -A -- .
fatal: Unable to create '/Users/tazhnaebrooks/.git/index.lock': File exists.

Another git process seems to be running in this repository, e.g.
an editor opened by 'git commit'. Please make sure all processes
are terminated then try again. If it still fails, a git process
may have crashed in this repository earlier:
remove the file manually to continue.
> git add -A -- .
fatal: Unable to create '/Users/tazhnaebrooks/.git/index.lock': File exists.

Another git process seems to be running in this repository, e.g.
an editor opened by 'git commit'. Please make sure all processes
are terminated then try again. If it still fails, a git process
may have crashed in this repository earlier:
remove the file manually to continue.
> git add -A -- .
fatal: Unable to create '/Users/tazhnaebrooks/.git/index.lock': File exists.

Another git process seems to be running in this repository, e.g.
an editor opened by 'git commit'. Please make sure all processes
are terminated then try again. If it still fails, a git process
may have crashed in this repository earlier:
remove the file manually to continue.
> git add -A -- .
fatal: Unable to create '/Users/tazhnaebrooks/.git/index.lock': File exists.

Another git process seems to be running in this repository, e.g.
an editor opened by 'git commit'. Please make sure all processes
are terminated then try again. If it still fails, a git process
may have crashed in this repository earlier:
remove the file manually to continue.
> git add -A -- .
fatal: Unable to create '/Users/tazhnaebrooks/.git/index.lock': File exists.

Another git process seems to be running in this repository, e.g.
an editor opened by 'git commit'. Please make sure all processes
are terminated then try again. If it still fails, a git process
may have crashed in this repository earlier:
remove the file manually to continue.
> git add -A -- .
fatal: Unable to create '/Users/tazhnaebrooks/.git/index.lock': File exists.

Another git process seems to be running in this repository, e.g.
an editor opened by 'git commit'. Please make sure all processes
are terminated then try again. If it still fails, a git process
may have crashed in this repository earlier:
remove the file manually to continue.
> git add -A -- .
fatal: Unable to create '/Users/tazhnaebrooks/.git/index.lock': File exists.

Another git process seems to be running in this repository, e.g.
an editor opened by 'git commit'. Please make sure all processes
are terminated then try again. If it still fails, a git process
may have crashed in this repository earlier:
remove the file manually to continue.
> git add -A -- .
fatal: Unable to create '/Users/tazhnaebrooks/.git/index.lock': File exists.

Another git process seems to be running in this repository, e.g.
an editor opened by 'git commit'. Please make sure all processes
are terminated then try again. If it still fails, a git process
may have crashed in this repository earlier:
remove the file manually to continue.
> git add -A -- .
fatal: Unable to create '/Users/tazhnaebrooks/.git/index.lock': File exists.

Another git process seems to be running in this repository, e.g.
an editor opened by 'git commit'. Please make sure all processes
are terminated then try again. If it still fails, a git process
may have crashed in this repository earlier:
remove the file manually to continue.
> git push origin testing_2
remote: Repository not found.
fatal: repository 'https://github.com/tazhnaebrooks/testing_2.git/' not found
> git checkout -q -- /Users/tazhnaebrooks/README.md
fatal: Unable to create '/Users/tazhnaebrooks/.git/index.lock': File exists.

Another git process seems to be running in this repository, e.g.
an editor opened by 'git commit'. Please make sure all processes
are terminated then try again. If it still fails, a git process
may have crashed in this repository earlier:
remove the file manually to continue.
> git checkout -q -- /Users/tazhnaebrooks/README.md
fatal: Unable to create '/Users/tazhnaebrooks/.git/index.lock': File exists.

Another git process seems to be running in this repository, e.g.
an editor opened by 'git commit'. Please make sure all processes
are terminated then try again. If it still fails, a git process
may have crashed in this repository earlier:
remove the file manually to continue.
> git checkout -q -- /Users/tazhnaebrooks/README.md
fatal: Unable to create '/Users/tazhnaebrooks/.git/index.lock': File exists.

Another git process seems to be running in this repository, e.g.
an editor opened by 'git commit'. Please make sure all processes
are terminated then try again. If it still fails, a git process
may have crashed in this repository earlier:
remove the file manually to continue.
> git checkout -q -- /Users/tazhnaebrooks/README.md
fatal: Unable to create '/Users/tazhnaebrooks/.git/index.lock': File exists.

Another git process seems to be running in this repository, e.g.
an editor opened by 'git commit'. Please make sure all processes
are terminated then try again. If it still fails, a git process
may have crashed in this repository earlier:
remove the file manually to continue.
> git checkout -q -- /Users/tazhnaebrooks/README.md
fatal: Unable to create '/Users/tazhnaebrooks/.git/index.lock': File exists.

Another git process seems to be running in this repository, e.g.
an editor opened by 'git commit'. Please make sure all processes
are terminated then try again. If it still fails, a git process
may have crashed in this repository earlier:
remove the file manually to continue.
> git checkout -q -- /Users/tazhnaebrooks/README.md
fatal: Unable to create '/Users/tazhnaebrooks/.git/index.lock': File exists.

Another git process seems to be running in this repository, e.g.
an editor opened by 'git commit'. Please make sure all processes
are terminated then try again. If it still fails, a git process
may have crashed in this repository earlier:
remove the file manually to continue.
> git checkout -q -- /Users/tazhnaebrooks/README.md
fatal: Unable to create '/Users/tazhnaebrooks/.git/index.lock': File exists.

Another git process seems to be running in this repository, e.g.
an editor opened by 'git commit'. Please make sure all processes
are terminated then try again. If it still fails, a git process
may have crashed in this repository earlier:
remove the file manually to continue.
> git checkout -q -- /Users/tazhnaebrooks/README.md
fatal: Unable to create '/Users/tazhnaebrooks/.git/index.lock': File exists.

Another git process seems to be running in this repository, e.g.
an editor opened by 'git commit'. Please make sure all processes
are terminated then try again. If it still fails, a git process
may have crashed in this repository earlier:
remove the file manually to continue.
> git checkout -q -- /Users/tazhnaebrooks/README.md
fatal: Unable to create '/Users/tazhnaebrooks/.git/index.lock': File exists.

Another git process seems to be running in this repository, e.g.
an editor opened by 'git commit'. Please make sure all processes
are terminated then try again. If it still fails, a git process
may have crashed in this repository earlier:
remove the file manually to continue.
> git check-ignore -v -z --stdin
> git checkout -q -- /Users/tazhnaebrooks/README.md
fatal: Unable to create '/Users/tazhnaebrooks/.git/index.lock': File exists.

Another git process seems to be running in this repository, e.g.
an editor opened by 'git commit'. Please make sure all processes
are terminated then try again. If it still fails, a git process
may have crashed in this repository earlier:
remove the file manually to continue.
> git checkout -q -- /Users/tazhnaebrooks/README.md
fatal: Unable to create '/Users/tazhnaebrooks/.git/index.lock': File exists.

Another git process seems to be running in this repository, e.g.
an editor opened by 'git commit'. Please make sure all processes
are terminated then try again. If it still fails, a git process
may have crashed in this repository earlier:
remove the file manually to continue.
