Looking for git in: /usr/bin/git
Using git 2.21.1 (Apple Git-122.3) from /usr/bin/git
> git rev-parse --show-toplevel
> git rev-parse --git-dir
Open repository: /Users/tazhnaebrooks
> git status -z -u
> git check-ignore -v -z --stdin
> git show :Desktop/tests/home.html
> git ls-files --stage -- /Users/tazhnaebrooks/Desktop/tests/home.html
> git check-ignore -v -z --stdin
> git show :Desktop/tests/home.html
> git ls-files --stage -- /Users/tazhnaebrooks/Desktop/tests/home.html
> git show :Desktop/tests/home.html
> git ls-files --stage -- /Users/tazhnaebrooks/Desktop/tests/home.html
> git checkout -q -b testing_2 --no-track HEAD
> git ls-files --stage -- /Users/tazhnaebrooks/Desktop/tests/home.html
> git show :Desktop/tests/home.html
> git show :Desktop/tests/home.html
> git ls-files --stage -- /Users/tazhnaebrooks/Desktop/tests/home.html
> git check-ignore -v -z --stdin
